This is pdfTeX, Version 3.1415926-1.40.10 (TeX Live 2009/Debian) (format=pdflatex 2014.3.25)  2 NOV 2015 15:21
entering extended mode
 %&-line parsing enabled.
**main.tex
(./main.tex
LaTeX2e <2009/09/24>
Babel <v3.8l> and hyphenation patterns for english, usenglishmax, dumylang, noh
yphenation, loaded.
(./Thesis.cls
Document Class: Thesis 2007/22/02 v1.0 LaTeX document class
(/usr/share/texmf-texlive/tex/latex/base/book.cls
Document Class: book 2007/10/19 v1.4h Standard LaTeX document class
(/usr/share/texmf-texlive/tex/latex/base/bk12.clo
File: bk12.clo 2007/10/19 v1.4h Standard LaTeX file (size option)
)
\c@part=\count79
\c@chapter=\count80
\c@section=\count81
\c@subsection=\count82
\c@subsubsection=\count83
\c@paragraph=\count84
\c@subparagraph=\count85
\c@figure=\count86
\c@table=\count87
\abovecaptionskip=\skip41
\belowcaptionskip=\skip42
\bibindent=\dimen102
)
(/usr/share/texmf-texlive/tex/latex/setspace/setspace.sty
Package: setspace 2000/12/01 6.7 Contributed and Supported LaTeX2e package

Package: `setspace' 6.7 <2000/12/01>
) (./vmargin.sty
Package: vmargin 1999/06/01

Package `vmargin', V2.2, <1999/06/01>
\PaperWidth=\dimen103
\PaperHeight=\dimen104
) (/usr/share/texmf-texlive/tex/latex/base/inputenc.sty
Package: inputenc 2008/03/30 v1.1d Input encoding file
\inpenc@prehook=\toks14
\inpenc@posthook=\toks15

(/usr/share/texmf-texlive/tex/latex/base/utf8.def
File: utf8.def 2008/04/05 v1.1m UTF-8 support for inputenc
Now handling font encoding OML ...
... no UTF-8 mapping file for font encoding OML
Now handling font encoding T1 ...
... processing UTF-8 mapping file for font encoding T1

(/usr/share/texmf-texlive/tex/latex/base/t1enc.dfu
File: t1enc.dfu 2008/04/05 v1.1m UTF-8 support for inputenc
   defining Unicode char U+00A1 (decimal 161)
   defining Unicode char U+00A3 (decimal 163)
   defining Unicode char U+00AB (decimal 171)
   defining Unicode char U+00BB (decimal 187)
   defining Unicode char U+00BF (decimal 191)
   defining Unicode char U+00C0 (decimal 192)
   defining Unicode char U+00C1 (decimal 193)
   defining Unicode char U+00C2 (decimal 194)
   defining Unicode char U+00C3 (decimal 195)
   defining Unicode char U+00C4 (decimal 196)
   defining Unicode char U+00C5 (decimal 197)
   defining Unicode char U+00C6 (decimal 198)
   defining Unicode char U+00C7 (decimal 199)
   defining Unicode char U+00C8 (decimal 200)
   defining Unicode char U+00C9 (decimal 201)
   defining Unicode char U+00CA (decimal 202)
   defining Unicode char U+00CB (decimal 203)
   defining Unicode char U+00CC (decimal 204)
   defining Unicode char U+00CD (decimal 205)
   defining Unicode char U+00CE (decimal 206)
   defining Unicode char U+00CF (decimal 207)
   defining Unicode char U+00D0 (decimal 208)
   defining Unicode char U+00D1 (decimal 209)
   defining Unicode char U+00D2 (decimal 210)
   defining Unicode char U+00D3 (decimal 211)
   defining Unicode char U+00D4 (decimal 212)
   defining Unicode char U+00D5 (decimal 213)
   defining Unicode char U+00D6 (decimal 214)
   defining Unicode char U+00D8 (decimal 216)
   defining Unicode char U+00D9 (decimal 217)
   defining Unicode char U+00DA (decimal 218)
   defining Unicode char U+00DB (decimal 219)
   defining Unicode char U+00DC (decimal 220)
   defining Unicode char U+00DD (decimal 221)
   defining Unicode char U+00DE (decimal 222)
   defining Unicode char U+00DF (decimal 223)
   defining Unicode char U+00E0 (decimal 224)
   defining Unicode char U+00E1 (decimal 225)
   defining Unicode char U+00E2 (decimal 226)
   defining Unicode char U+00E3 (decimal 227)
   defining Unicode char U+00E4 (decimal 228)
   defining Unicode char U+00E5 (decimal 229)
   defining Unicode char U+00E6 (decimal 230)
   defining Unicode char U+00E7 (decimal 231)
   defining Unicode char U+00E8 (decimal 232)
   defining Unicode char U+00E9 (decimal 233)
   defining Unicode char U+00EA (decimal 234)
   defining Unicode char U+00EB (decimal 235)
   defining Unicode char U+00EC (decimal 236)
   defining Unicode char U+00ED (decimal 237)
   defining Unicode char U+00EE (decimal 238)
   defining Unicode char U+00EF (decimal 239)
   defining Unicode char U+00F0 (decimal 240)
   defining Unicode char U+00F1 (decimal 241)
   defining Unicode char U+00F2 (decimal 242)
   defining Unicode char U+00F3 (decimal 243)
   defining Unicode char U+00F4 (decimal 244)
   defining Unicode char U+00F5 (decimal 245)
   defining Unicode char U+00F6 (decimal 246)
   defining Unicode char U+00F8 (decimal 248)
   defining Unicode char U+00F9 (decimal 249)
   defining Unicode char U+00FA (decimal 250)
   defining Unicode char U+00FB (decimal 251)
   defining Unicode char U+00FC (decimal 252)
   defining Unicode char U+00FD (decimal 253)
   defining Unicode char U+00FE (decimal 254)
   defining Unicode char U+00FF (decimal 255)
   defining Unicode char U+0102 (decimal 258)
   defining Unicode char U+0103 (decimal 259)
   defining Unicode char U+0104 (decimal 260)
   defining Unicode char U+0105 (decimal 261)
   defining Unicode char U+0106 (decimal 262)
   defining Unicode char U+0107 (decimal 263)
   defining Unicode char U+010C (decimal 268)
   defining Unicode char U+010D (decimal 269)
   defining Unicode char U+010E (decimal 270)
   defining Unicode char U+010F (decimal 271)
   defining Unicode char U+0110 (decimal 272)
   defining Unicode char U+0111 (decimal 273)
   defining Unicode char U+0118 (decimal 280)
   defining Unicode char U+0119 (decimal 281)
   defining Unicode char U+011A (decimal 282)
   defining Unicode char U+011B (decimal 283)
   defining Unicode char U+011E (decimal 286)
   defining Unicode char U+011F (decimal 287)
   defining Unicode char U+0130 (decimal 304)
   defining Unicode char U+0131 (decimal 305)
   defining Unicode char U+0132 (decimal 306)
   defining Unicode char U+0133 (decimal 307)
   defining Unicode char U+0139 (decimal 313)
   defining Unicode char U+013A (decimal 314)
   defining Unicode char U+013D (decimal 317)
   defining Unicode char U+013E (decimal 318)
   defining Unicode char U+0141 (decimal 321)
   defining Unicode char U+0142 (decimal 322)
   defining Unicode char U+0143 (decimal 323)
   defining Unicode char U+0144 (decimal 324)
   defining Unicode char U+0147 (decimal 327)
   defining Unicode char U+0148 (decimal 328)
   defining Unicode char U+014A (decimal 330)
   defining Unicode char U+014B (decimal 331)
   defining Unicode char U+0150 (decimal 336)
   defining Unicode char U+0151 (decimal 337)
   defining Unicode char U+0152 (decimal 338)
   defining Unicode char U+0153 (decimal 339)
   defining Unicode char U+0154 (decimal 340)
   defining Unicode char U+0155 (decimal 341)
   defining Unicode char U+0158 (decimal 344)
   defining Unicode char U+0159 (decimal 345)
   defining Unicode char U+015A (decimal 346)
   defining Unicode char U+015B (decimal 347)
   defining Unicode char U+015E (decimal 350)
   defining Unicode char U+015F (decimal 351)
   defining Unicode char U+0160 (decimal 352)
   defining Unicode char U+0161 (decimal 353)
   defining Unicode char U+0162 (decimal 354)
   defining Unicode char U+0163 (decimal 355)
   defining Unicode char U+0164 (decimal 356)
   defining Unicode char U+0165 (decimal 357)
   defining Unicode char U+016E (decimal 366)
   defining Unicode char U+016F (decimal 367)
   defining Unicode char U+0170 (decimal 368)
   defining Unicode char U+0171 (decimal 369)
   defining Unicode char U+0178 (decimal 376)
   defining Unicode char U+0179 (decimal 377)
   defining Unicode char U+017A (decimal 378)
   defining Unicode char U+017B (decimal 379)
   defining Unicode char U+017C (decimal 380)
   defining Unicode char U+017D (decimal 381)
   defining Unicode char U+017E (decimal 382)
   defining Unicode char U+200C (decimal 8204)
   defining Unicode char U+2013 (decimal 8211)
   defining Unicode char U+2014 (decimal 8212)
   defining Unicode char U+2018 (decimal 8216)
   defining Unicode char U+2019 (decimal 8217)
   defining Unicode char U+201A (decimal 8218)
   defining Unicode char U+201C (decimal 8220)
   defining Unicode char U+201D (decimal 8221)
   defining Unicode char U+201E (decimal 8222)
   defining Unicode char U+2030 (decimal 8240)
   defining Unicode char U+2031 (decimal 8241)
   defining Unicode char U+2039 (decimal 8249)
   defining Unicode char U+203A (decimal 8250)
   defining Unicode char U+2423 (decimal 9251)
)
Now handling font encoding OT1 ...
... processing UTF-8 mapping file for font encoding OT1

(/usr/share/texmf-texlive/tex/latex/base/ot1enc.dfu
File: ot1enc.dfu 2008/04/05 v1.1m UTF-8 support for inputenc
   defining Unicode char U+00A1 (decimal 161)
   defining Unicode char U+00A3 (decimal 163)
   defining Unicode char U+00B8 (decimal 184)
   defining Unicode char U+00BF (decimal 191)
   defining Unicode char U+00C5 (decimal 197)
   defining Unicode char U+00C6 (decimal 198)
   defining Unicode char U+00D8 (decimal 216)
   defining Unicode char U+00DF (decimal 223)
   defining Unicode char U+00E6 (decimal 230)
   defining Unicode char U+00EC (decimal 236)
   defining Unicode char U+00ED (decimal 237)
   defining Unicode char U+00EE (decimal 238)
   defining Unicode char U+00EF (decimal 239)
   defining Unicode char U+00F8 (decimal 248)
   defining Unicode char U+0131 (decimal 305)
   defining Unicode char U+0141 (decimal 321)
   defining Unicode char U+0142 (decimal 322)
   defining Unicode char U+0152 (decimal 338)
   defining Unicode char U+0153 (decimal 339)
   defining Unicode char U+2013 (decimal 8211)
   defining Unicode char U+2014 (decimal 8212)
   defining Unicode char U+2018 (decimal 8216)
   defining Unicode char U+2019 (decimal 8217)
   defining Unicode char U+201C (decimal 8220)
   defining Unicode char U+201D (decimal 8221)
)
Now handling font encoding OMS ...
... processing UTF-8 mapping file for font encoding OMS

(/usr/share/texmf-texlive/tex/latex/base/omsenc.dfu
File: omsenc.dfu 2008/04/05 v1.1m UTF-8 support for inputenc
   defining Unicode char U+00A7 (decimal 167)
   defining Unicode char U+00B6 (decimal 182)
   defining Unicode char U+00B7 (decimal 183)
   defining Unicode char U+2020 (decimal 8224)
   defining Unicode char U+2021 (decimal 8225)
   defining Unicode char U+2022 (decimal 8226)
)
Now handling font encoding OMX ...
... no UTF-8 mapping file for font encoding OMX
Now handling font encoding U ...
... no UTF-8 mapping file for font encoding U
   defining Unicode char U+00A9 (decimal 169)
   defining Unicode char U+00AA (decimal 170)
   defining Unicode char U+00AE (decimal 174)
   defining Unicode char U+00BA (decimal 186)
   defining Unicode char U+02C6 (decimal 710)
   defining Unicode char U+02DC (decimal 732)
   defining Unicode char U+200C (decimal 8204)
   defining Unicode char U+2026 (decimal 8230)
   defining Unicode char U+2122 (decimal 8482)
   defining Unicode char U+2423 (decimal 9251)
))
(/usr/share/texmf-texlive/tex/latex/fancyhdr/fancyhdr.sty
\fancy@headwidth=\skip43
\f@ncyO@elh=\skip44
\f@ncyO@erh=\skip45
\f@ncyO@olh=\skip46
\f@ncyO@orh=\skip47
\f@ncyO@elf=\skip48
\f@ncyO@erf=\skip49
\f@ncyO@olf=\skip50
\f@ncyO@orf=\skip51
)
(/usr/share/texmf-texlive/tex/latex/amsmath/amsmath.sty
Package: amsmath 2000/07/18 v2.13 AMS math features
\@mathmargin=\skip52

For additional information on amsmath, use the `?' option.
(/usr/share/texmf-texlive/tex/latex/amsmath/amstext.sty
Package: amstext 2000/06/29 v2.01

(/usr/share/texmf-texlive/tex/latex/amsmath/amsgen.sty
File: amsgen.sty 1999/11/30 v2.0
\@emptytoks=\toks16
\ex@=\dimen105
))
(/usr/share/texmf-texlive/tex/latex/amsmath/amsbsy.sty
Package: amsbsy 1999/11/29 v1.2d
\pmbraise@=\dimen106
)
(/usr/share/texmf-texlive/tex/latex/amsmath/amsopn.sty
Package: amsopn 1999/12/14 v2.01 operator names
)
\inf@bad=\count88
LaTeX Info: Redefining \frac on input line 211.
\uproot@=\count89
\leftroot@=\count90
LaTeX Info: Redefining \overline on input line 307.
\classnum@=\count91
\DOTSCASE@=\count92
LaTeX Info: Redefining \ldots on input line 379.
LaTeX Info: Redefining \dots on input line 382.
LaTeX Info: Redefining \cdots on input line 467.
\Mathstrutbox@=\box26
\strutbox@=\box27
\big@size=\dimen107
LaTeX Font Info:    Redeclaring font encoding OML on input line 567.
LaTeX Font Info:    Redeclaring font encoding OMS on input line 568.
\macc@depth=\count93
\c@MaxMatrixCols=\count94
\dotsspace@=\muskip10
\c@parentequation=\count95
\dspbrk@lvl=\count96
\tag@help=\toks17
\row@=\count97
\column@=\count98
\maxfields@=\count99
\andhelp@=\toks18
\eqnshift@=\dimen108
\alignsep@=\dimen109
\tagshift@=\dimen110
\tagwidth@=\dimen111
\totwidth@=\dimen112
\lineht@=\dimen113
\@envbody=\toks19
\multlinegap=\skip53
\multlinetaggap=\skip54
\mathdisplay@stack=\toks20
LaTeX Info: Redefining \[ on input line 2666.
LaTeX Info: Redefining \] on input line 2667.
)
(/usr/share/texmf-texlive/tex/latex/amsfonts/amsfonts.sty
Package: amsfonts 2009/06/22 v3.00 Basic AMSFonts support
\symAMSa=\mathgroup4
\symAMSb=\mathgroup5
LaTeX Font Info:    Overwriting math alphabet `\mathfrak' in version `bold'
(Font)                  U/euf/m/n --> U/euf/b/n on input line 96.
)
(/usr/share/texmf-texlive/tex/latex/amsfonts/amssymb.sty
Package: amssymb 2009/06/22 v3.00
)
(/usr/share/texmf-texlive/tex/latex/amsmath/amscd.sty
Package: amscd 1999/11/29 v1.2d
\athelp@=\toks21
\minaw@=\dimen114
\bigaw@=\dimen115
\minCDarrowwidth=\dimen116
)
(/usr/share/texmf-texlive/tex/latex/amscls/amsthm.sty
Package: amsthm 2004/08/06 v2.20
\thm@style=\toks22
\thm@bodyfont=\toks23
\thm@headfont=\toks24
\thm@notefont=\toks25
\thm@headpunct=\toks26
\thm@preskip=\skip55
\thm@postskip=\skip56
\thm@headsep=\skip57
\dth@everypar=\toks27
)
(/usr/share/texmf-texlive/tex/latex/tools/xspace.sty
Package: xspace 2006/05/08 v1.12 Space after command names (DPC,MH)
)
\c@example=\count100
\c@theorem=\count101

(/usr/share/texmf-texlive/tex/latex/caption/caption.sty
Package: caption 2009/10/09 v3.1k Customizing captions (AR)

(/usr/share/texmf-texlive/tex/latex/caption/caption3.sty
Package: caption3 2009/10/09 v3.1k caption3 kernel (AR)

(/usr/share/texmf-texlive/tex/latex/graphics/keyval.sty
Package: keyval 1999/03/16 v1.13 key=value parser (DPC)
\KV@toks@=\toks28
)
\captionmargin=\dimen117
\captionmargin@=\dimen118
\captionwidth=\dimen119
\caption@indent=\dimen120
\caption@parindent=\dimen121
\caption@hangindent=\dimen122
)
\c@ContinuedFloat=\count102
)
(/usr/share/texmf-texlive/tex/latex/graphics/graphicx.sty
Package: graphicx 1999/02/16 v1.0f Enhanced LaTeX Graphics (DPC,SPQR)

(/usr/share/texmf-texlive/tex/latex/graphics/graphics.sty
Package: graphics 2009/02/05 v1.0o Standard LaTeX Graphics (DPC,SPQR)

(/usr/share/texmf-texlive/tex/latex/graphics/trig.sty
Package: trig 1999/03/16 v1.09 sin cos tan (DPC)
)
(/etc/texmf/tex/latex/config/graphics.cfg
File: graphics.cfg 2009/08/28 v1.8 graphics configuration of TeX Live
)
Package graphics Info: Driver file: pdftex.def on input line 91.

(/usr/share/texmf-texlive/tex/latex/pdftex-def/pdftex.def
File: pdftex.def 2010/03/12 v0.04p Graphics/color for pdfTeX
\Gread@gobject=\count103
))
\Gin@req@height=\dimen123
\Gin@req@width=\dimen124
)
(/usr/share/texmf-texlive/tex/latex/oberdiek/epstopdf.sty
Package: epstopdf 2009/10/17 v2.4 Conversion with epstopdf on the fly (HO)

(/usr/share/texmf-texlive/tex/latex/oberdiek/epstopdf-base.sty
Package: epstopdf-base 2009/10/17 v2.4 Base part for package epstopdf

(/usr/share/texmf-texlive/tex/generic/oberdiek/infwarerr.sty
Package: infwarerr 2007/09/09 v1.2 Providing info/warning/message (HO)
)
(/usr/share/texmf-texlive/tex/latex/oberdiek/grfext.sty
Package: grfext 2007/09/30 v1.0 Managing graphics extensions (HO)
)
(/usr/share/texmf-texlive/tex/latex/oberdiek/kvoptions.sty
Package: kvoptions 2009/08/13 v3.4 Keyval support for LaTeX options (HO)

(/usr/share/texmf-texlive/tex/generic/oberdiek/kvsetkeys.sty
Package: kvsetkeys 2009/07/30 v1.5 Key value parser with default handler suppor
t (HO)

(/usr/share/texmf-texlive/tex/generic/oberdiek/etexcmds.sty
Package: etexcmds 2007/12/12 v1.2 Prefix for e-TeX command names (HO)
Package etexcmds Info: Could not find \expanded.
(etexcmds)             That can mean that you are not using pdfTeX 1.50 or
(etexcmds)             that some package has redefined \expanded.
(etexcmds)             In the latter case, load this package earlier.
)))
(/usr/share/texmf-texlive/tex/generic/oberdiek/pdftexcmds.sty
Package: pdftexcmds 2009/09/23 v0.6 LuaTeX support for pdfTeX utility functions
 (HO)

(/usr/share/texmf-texlive/tex/generic/oberdiek/ifluatex.sty
Package: ifluatex 2009/04/17 v1.2 Provides the ifluatex switch (HO)
Package ifluatex Info: LuaTeX not detected.
)
(/usr/share/texmf-texlive/tex/generic/oberdiek/ltxcmds.sty
Package: ltxcmds 2009/08/05 v1.0 Some LaTeX kernel commands for general use (HO
)
)
Package pdftexcmds Info: LuaTeX not detected.
Package pdftexcmds Info: \pdf@primitive is available.
Package pdftexcmds Info: \pdf@ifprimitive is available.
)

Package epstopdf Warning: Shell escape feature is not enabled.

Package grfext Info: Graphics extension search list:
(grfext)             [.png,.pdf,.jpg,.mps,.jpeg,.jbig2,.jb2,.PNG,.PDF,.JPG,.JPE
G,.JBIG2,.JB2,.eps]
(grfext)             \AppendGraphicsExtensions on input line 433.
(/usr/share/texmf-texlive/tex/latex/latexconfig/epstopdf-sys.cfg
File: epstopdf-sys.cfg 2009/10/26 v1.1 Configuration of epstopdf for TeX Live
)))
(/usr/share/texmf-texlive/tex/latex/booktabs/booktabs.sty
Package: booktabs 2005/04/14 v1.61803 publication quality tables
\heavyrulewidth=\dimen125
\lightrulewidth=\dimen126
\cmidrulewidth=\dimen127
\belowrulesep=\dimen128
\belowbottomsep=\dimen129
\aboverulesep=\dimen130
\abovetopsep=\dimen131
\cmidrulesep=\dimen132
\cmidrulekern=\dimen133
\defaultaddspace=\dimen134
\@cmidla=\count104
\@cmidlb=\count105
\@aboverulesep=\dimen135
\@belowrulesep=\dimen136
\@thisruleclass=\count106
\@lastruleclass=\count107
\@thisrulewidth=\dimen137
)
(/usr/share/texmf-texlive/tex/latex/rotating/rotating.sty
Package: rotating 2009/03/28 v2.16a rotated objects in LaTeX

(/usr/share/texmf-texlive/tex/latex/base/ifthen.sty
Package: ifthen 2001/05/26 v1.1c Standard LaTeX ifthen package (DPC)
)
\c@r@tfl@t=\count108
\rotFPtop=\skip58
\rotFPbot=\skip59
\rot@float@box=\box28
\rot@mess@toks=\toks29
)
(/usr/share/texmf-texlive/tex/latex/listings/listings.sty
\lst@mode=\count109
\lst@gtempboxa=\box29
\lst@token=\toks30
\lst@length=\count110
\lst@currlwidth=\dimen138
\lst@column=\count111
\lst@pos=\count112
\lst@lostspace=\dimen139
\lst@width=\dimen140
\lst@newlines=\count113
\lst@lineno=\count114
\lst@maxwidth=\dimen141
 (./lstpatch.sty

***
*** This is a patch for listings 1.3, but you're using
*** version 1.4.
***
*** Patch file not loaded.
***

) (/usr/share/texmf-texlive/tex/latex/listings/lstmisc.sty
File: lstmisc.sty 2007/02/22 1.4 (Carsten Heinz)
\c@lstnumber=\count115
\lst@skipnumbers=\count116
\lst@framebox=\box30
)
(/usr/share/texmf-texlive/tex/latex/listings/listings.cfg
File: listings.cfg 2007/02/22 1.4 listings configuration
))
Package: listings 2007/02/22 1.4 (Carsten Heinz)
 (./lstpatch.sty

***
*** This is a patch for listings 1.3, but you're using
*** version 1.4.
***
 *** Patch file not loaded.
***

) (/usr/share/texmf-texlive/tex/latex/hyperref/hyperref.sty
Package: hyperref 2009/10/09 v6.79a Hypertext links for LaTeX

(/usr/share/texmf-texlive/tex/generic/oberdiek/ifpdf.sty
Package: ifpdf 2009/04/10 v2.0 Provides the ifpdf switch (HO)
Package ifpdf Info: pdfTeX in pdf mode detected.
)
(/usr/share/texmf-texlive/tex/generic/oberdiek/ifvtex.sty
Package: ifvtex 2008/11/04 v1.4 Switches for detecting VTeX and its modes (HO)
Package ifvtex Info: VTeX not detected.
)
(/usr/share/texmf-texlive/tex/generic/ifxetex/ifxetex.sty
Package: ifxetex 2009/01/23 v0.5 Provides ifxetex conditional
)
(/usr/share/texmf-texlive/tex/latex/oberdiek/hycolor.sty
Package: hycolor 2009/10/02 v1.5 Code for color options of hyperref/bookmark (H
O)

(/usr/share/texmf-texlive/tex/latex/oberdiek/xcolor-patch.sty
Package: xcolor-patch 2009/10/02 xcolor patch
))
\@linkdim=\dimen142
\Hy@linkcounter=\count117
\Hy@pagecounter=\count118

(/usr/share/texmf-texlive/tex/latex/hyperref/pd1enc.def
File: pd1enc.def 2009/10/09 v6.79a Hyperref: PDFDocEncoding definition (HO)
Now handling font encoding PD1 ...
... no UTF-8 mapping file for font encoding PD1
)
(/usr/share/texmf-texlive/tex/latex/latexconfig/hyperref.cfg
File: hyperref.cfg 2002/06/06 v1.2 hyperref configuration of TeXLive
)
Package hyperref Info: Option `bookmarks' set `true' on input line 2864.
Package hyperref Info: Option `bookmarksopen' set `true' on input line 2864.
Package hyperref Info: Option `bookmarksnumbered' set `true' on input line 2864
.
Package hyperref Info: Option `hypertexnames' set `false' on input line 2864.
Package hyperref Info: Option `colorlinks' set `true' on input line 2864.
Package hyperref Info: Option `unicode' set `true' on input line 2864.

(/usr/share/texmf-texlive/tex/latex/hyperref/puenc.def
File: puenc.def 2009/10/09 v6.79a Hyperref: PDF Unicode definition (HO)
Now handling font encoding PU ...
... no UTF-8 mapping file for font encoding PU
)
Package hyperref Info: Option `breaklinks' set `true' on input line 2864.
Package hyperref Info: Hyper figures OFF on input line 2975.
Package hyperref Info: Link nesting OFF on input line 2980.
Package hyperref Info: Hyper index ON on input line 2983.
Package hyperref Info: Plain pages OFF on input line 2990.
Package hyperref Info: Backreferencing OFF on input line 2995.

Implicit mode ON; LaTeX internals redefined
Package hyperref Info: Bookmarks ON on input line 3191.
(/usr/share/texmf-texlive/tex/latex/ltxmisc/url.sty
\Urlmuskip=\muskip11
Package: url 2006/04/12  ver 3.3  Verb mode for urls, etc.
)
LaTeX Info: Redefining \url on input line 3428.

(/usr/share/texmf-texlive/tex/generic/oberdiek/bitset.sty
Package: bitset 2007/09/28 v1.0 Data type bit set (HO)

(/usr/share/texmf-texlive/tex/generic/oberdiek/intcalc.sty
Package: intcalc 2007/09/27 v1.1 Expandable integer calculations (HO)
)
(/usr/share/texmf-texlive/tex/generic/oberdiek/bigintcalc.sty
Package: bigintcalc 2007/11/11 v1.1 Expandable big integer calculations (HO)
))
\Fld@menulength=\count119
\Field@Width=\dimen143
\Fld@charsize=\dimen144
\Field@toks=\toks31
Package hyperref Info: Hyper figures OFF on input line 4377.
Package hyperref Info: Link nesting OFF on input line 4382.
Package hyperref Info: Hyper index ON on input line 4385.
Package hyperref Info: backreferencing OFF on input line 4392.
Package hyperref Info: Link coloring ON on input line 4395.
Package hyperref Info: Link coloring with OCG OFF on input line 4402.
Package hyperref Info: PDF/A mode OFF on input line 4407.

(/usr/share/texmf-texlive/tex/generic/oberdiek/atbegshi.sty
Package: atbegshi 2008/07/31 v1.9 At begin shipout hook (HO)
)
\Hy@abspage=\count120
\c@Item=\count121
\c@Hfootnote=\count122
)
*hyperref using default driver hpdftex*
(/usr/share/texmf-texlive/tex/latex/hyperref/hpdftex.def
File: hpdftex.def 2009/10/09 v6.79a Hyperref driver for pdfTeX
\Fld@listcount=\count123
)
\c@dummy=\count124

(/usr/share/texmf-texlive/tex/latex/tools/longtable.sty
Package: longtable 2004/02/01 v4.11 Multi-page Table package (DPC)
\LTleft=\skip60
\LTright=\skip61
\LTpre=\skip62
\LTpost=\skip63
\LTchunksize=\count125
\LTcapwidth=\dimen145
\LT@head=\box31
\LT@firsthead=\box32
\LT@foot=\box33
\LT@lastfoot=\box34
\LT@cols=\count126
\LT@rows=\count127
\c@LT@tables=\count128
\c@LT@chunks=\count129
\LT@p@ftn=\toks32
))
(/usr/share/texmf-texlive/tex/latex/natbib/natbib.sty
Package: natbib 2009/07/16 8.31 (PWD, AO)
\bibhang=\skip64
\bibsep=\skip65
LaTeX Info: Redefining \cite on input line 694.
\c@NAT@ctr=\count130
)
(/usr/share/texmf-texlive/tex/latex/multirow/multirow.sty
\bigstrutjot=\dimen146
)
(./ptdr-definitions.sty
Package: ptdr-definitions 2007/02/22 CMS Additional Macro Definitions (1.4)
) (./pennames-pazo.sty)
Package hyperref Info: Option `colorlinks' set `true' on input line 43.
 (./main.aux

LaTeX Warning: Label `figapp:Q2excess' multiply defined.


LaTeX Warning: Label `theoreticalconsiderations' multiply defined.

)
\openout1 = `main.aux'.

LaTeX Font Info:    Checking defaults for OML/cmm/m/it on input line 46.
LaTeX Font Info:    ... okay on input line 46.
LaTeX Font Info:    Checking defaults for T1/cmr/m/n on input line 46.
LaTeX Font Info:    ... okay on input line 46.
LaTeX Font Info:    Checking defaults for OT1/cmr/m/n on input line 46.
LaTeX Font Info:    ... okay on input line 46.
LaTeX Font Info:    Checking defaults for OMS/cmsy/m/n on input line 46.
LaTeX Font Info:    ... okay on input line 46.
LaTeX Font Info:    Checking defaults for OMX/cmex/m/n on input line 46.
LaTeX Font Info:    ... okay on input line 46.
LaTeX Font Info:    Checking defaults for U/cmr/m/n on input line 46.
LaTeX Font Info:    ... okay on input line 46.
LaTeX Font Info:    Checking defaults for PD1/pdf/m/n on input line 46.
LaTeX Font Info:    ... okay on input line 46.
LaTeX Font Info:    Checking defaults for PU/pdf/m/n on input line 46.
LaTeX Font Info:    ... okay on input line 46.
Package caption Info: Begin \AtBeginDocument code.
Package caption Info: hyperref package is loaded.
Package caption Info: listings package is loaded.
Package caption Info: longtable package is loaded.
 (/usr/share/texmf-texlive/tex/latex/caption/ltcaption.sty
Package: ltcaption 2008/03/28 v1.2 longtable captions (AR)
)
Package caption Info: rotating package is loaded.
Package caption Info: End \AtBeginDocument code.

(/usr/share/texmf-texlive/tex/context/base/supp-pdf.mkii
[Loading MPS to PDF converter (version 2006.09.02).]
\scratchcounter=\count131
\scratchdimen=\dimen147
\scratchbox=\box35
\nofMPsegments=\count132
\nofMParguments=\count133
\everyMPshowfont=\toks33
\MPscratchCnt=\count134
\MPscratchDim=\dimen148
\MPnumerator=\count135
\everyMPtoPDFconversion=\toks34
)
\c@lstlisting=\count136
 (/usr/share/texmf-texlive/tex/latex/graphics/color.sty
Package: color 2005/11/14 v1.0j Standard LaTeX Color (DPC)

(/etc/texmf/tex/latex/config/color.cfg
File: color.cfg 2007/01/18 v1.5 color configuration of teTeX/TeXLive
)
Package color Info: Driver file: pdftex.def on input line 130.
)
Package hyperref Info: Link coloring ON on input line 46.

(/usr/share/texmf-texlive/tex/latex/hyperref/nameref.sty
Package: nameref 2007/05/29 v2.31 Cross-referencing by name of section

(/usr/share/texmf-texlive/tex/latex/oberdiek/refcount.sty
Package: refcount 2008/08/11 v3.1 Data extraction from references (HO)
)
\c@section@level=\count137
)
LaTeX Info: Redefining \ref on input line 46.
LaTeX Info: Redefining \pageref on input line 46.
 (./main.out)
(./main.out)
\@outlinefile=\write3
\openout3 = `main.out'.

\AtBeginShipoutBox=\box36


Package hyperref Warning: Token not allowed in a PDF string (Unicode):
(hyperref)                removing `math shift' on input line 62.


Package hyperref Warning: Token not allowed in a PDF string (Unicode):
(hyperref)                removing `math shift' on input line 62.

LaTeX Font Info:    Try loading font information for U+msa on input line 79.
(/usr/share/texmf-texlive/tex/latex/amsfonts/umsa.fd
File: umsa.fd 2009/06/22 v3.00 AMS symbols A
)
LaTeX Font Info:    Try loading font information for U+msb on input line 79.

(/usr/share/texmf-texlive/tex/latex/amsfonts/umsb.fd
File: umsb.fd 2009/06/22 v3.00 AMS symbols B
) [1



{/var/lib/texmf/fonts/map/pdftex/updmap/pdftex.map}]
------------------------------------------------------------------------------
 Abstract Page
------------------------------------------------------------------------------
[1]
------------------------------------------------------------------------------
 Acknowledgements
------------------------------------------------------------------------------
[2

]
------------------------------------------------------------------------------
 Table of Contents
------------------------------------------------------------------------------
(./main.toc [3


])
\tf@toc=\write4
\openout4 = `main.toc'.

 [4]
------------------------------------------------------------------------------
 List of Figures
------------------------------------------------------------------------------
(./main.lof [5


])
\tf@lof=\write5
\openout5 = `main.lof'.

 [6]
------------------------------------------------------------------------------
 List of Tables
------------------------------------------------------------------------------
(./main.lot)
\tf@lot=\write6
\openout6 = `main.lot'.

 [7


] (./Chapters/Chapter1.tex
Chapter 1.
------------------------------------------------------------------------------
 1 Introduction
------------------------------------------------------------------------------
[1



]
Underfull \hbox (badness 10000) in paragraph at lines 39--59

 []

LaTeX Font Info:    Try loading font information for OMS+cmr on input line 59.
(/usr/share/texmf-texlive/tex/latex/base/omscmr.fd
File: omscmr.fd 1999/05/25 v2.5h Standard LaTeX font definitions
)
LaTeX Font Info:    Font shape `OMS/cmr/m/n' in size <10.95> not available
(Font)              Font shape `OMS/cmsy/m/n' tried instead on input line 59.

Underfull \hbox (badness 10000) in paragraph at lines 70--89

 []

[2] <Figures/SM_Interactions.png, id=335, 453.19313pt x 345.54094pt>
File: Figures/SM_Interactions.png Graphic file (type png)

<use Figures/SM_Interactions.png>

LaTeX Warning: `!h' float specifier changed to `!ht'.

[3] [4 <./Figures/SM_Interactions.png (PNG copy)>] [5]
Overfull \hbox (62.69667pt too wide) in paragraph at lines 171--221
[][] 
 []


Underfull \hbox (badness 10000) in paragraph at lines 171--221

 []

[6] [7] <Figures/schannel.pdf, id=397, 364.19562pt x 273.14648pt>
File: Figures/schannel.pdf Graphic file (type pdf)

<use Figures/schannel.pdf>
<Figures/tchannel1.pdf, id=398, 364.19562pt x 273.14648pt>
File: Figures/tchannel1.pdf Graphic file (type pdf)

<use Figures/tchannel1.pdf>
<Figures/tchannel2.pdf, id=399, 364.19562pt x 273.14648pt>
File: Figures/tchannel2.pdf Graphic file (type pdf)

<use Figures/tchannel2.pdf>

LaTeX Warning: `!h' float specifier changed to `!ht'.

[8 <./Figures/schannel.pdf> <./Figures/tchannel1.pdf>] [9 <./Figures/tchannel2.
pdf>] [10] <Figures/H1Excess_Q2.png, id=484, 487.8225pt x 528.97626pt>
File: Figures/H1Excess_Q2.png Graphic file (type png)

<use Figures/H1Excess_Q2.png>
<Figures/H1Excess_M.png, id=487, 528.97626pt x 392.46625pt>
File: Figures/H1Excess_M.png Graphic file (type png)

<use Figures/H1Excess_M.png>
Overfull \hbox (32.15887pt too wide) in paragraph at lines 316--317
 [][] 
 []


LaTeX Warning: `!h' float specifier changed to `!ht'.

<Figures/H1limits.png, id=490, 1012.78375pt x 757.83125pt>
File: Figures/H1limits.png Graphic file (type png)

<use Figures/H1limits.png>
Overfull \hbox (38.2754pt too wide) in paragraph at lines 326--327
 [][] 
 []


LaTeX Warning: `!h' float specifier changed to `!ht'.

) (./Chapters/Chapter2.tex [11 <./Figures/H1Excess_Q2.png (PNG copy)>] [12 <./F
igures/H1Excess_M.png (PNG copy)>] [13 <./Figures/H1limits.png (PNG copy)>]
Chapter 2.
------------------------------------------------------------------------------
 2 The Experimental Apparatus
------------------------------------------------------------------------------
[14

]
LaTeX Font Info:    Font shape `OMS/cmr/m/n' in size <12> not available
(Font)              Font shape `OMS/cmsy/m/n' tried instead on input line 25.
 <Figures/PSnew.jpg, id=515, 2787.95422pt x 4679.4825pt>
File: Figures/PSnew.jpg Graphic file (type jpg)

<use Figures/PSnew.jpg>

LaTeX Warning: `!h' float specifier changed to `!ht'.

[15] <Figures/LHClayout.png, id=522, 775.89874pt x 796.9775pt>
File: Figures/LHClayout.png Graphic file (type png)

<use Figures/LHClayout.png>

LaTeX Warning: `!h' float specifier changed to `!ht'.

[16 <./Figures/PSnew.jpg>]
<Figures/LHCdipole.png, id=530, 782.925pt x 628.3475pt>
File: Figures/LHCdipole.png Graphic file (type png)

<use Figures/LHCdipole.png>

LaTeX Warning: `!h' float specifier changed to `!ht'.

[17 <./Figures/LHClayout.png (PNG copy)>] [18 <./Figures/LHCdipole.png (PNG cop
y)>] [19]
Overfull \hbox (22.87648pt too wide) in paragraph at lines 115--135
 [][] 
 []

[20]
<Figures/int_lumi_per_day_cumulative_pp_2012.png, id=563, 578.16pt x 433.62pt>
File: Figures/int_lumi_per_day_cumulative_pp_2012.png Graphic file (type png)

<use Figures/int_lumi_per_day_cumulative_pp_2012.png>
<Figures/peak_lumi_per_day_pp_2012.png, id=565, 578.16pt x 433.62pt>
File: Figures/peak_lumi_per_day_pp_2012.png Graphic file (type png)

<use Figures/peak_lumi_per_day_pp_2012.png> [21 <./Figures/int_lumi_per_day_cum
ulative_pp_2012.png> <./Figures/peak_lumi_per_day_pp_2012.png>]
<Figures/pileup_pp_2012.png, id=574, 578.16pt x 433.62pt>
File: Figures/pileup_pp_2012.png Graphic file (type png)

<use Figures/pileup_pp_2012.png> [22 <./Figures/pileup_pp_2012.png>]
<Figures/CMSlayout.png, id=583, 1135.24126pt x 775.89874pt>
File: Figures/CMSlayout.png Graphic file (type png)

<use Figures/CMSlayout.png>
Overfull \hbox (36.61539pt too wide) in paragraph at lines 219--219
 [][] 
 []

[23] [24 <./Figures/CMSlayout.png (PNG copy)>]

Package amsfonts Warning: Obsolete command \bold; \mathbf should be used instea
d on input line 236.

[25] <Figures/CMSstoredenergy.png, id=602, 637.38126pt x 383.4325pt>
File: Figures/CMSstoredenergy.png Graphic file (type png)

<use Figures/CMSstoredenergy.png>
Overfull \hbox (25.17957pt too wide) in paragraph at lines 279--316
 [][] 
 []

<Figures/CMSfieldlines.png, id=609, 867.24pt x 461.725pt>
File: Figures/CMSfieldlines.png Graphic file (type png)

<use Figures/CMSfieldlines.png>

LaTeX Warning: `!h' float specifier changed to `!ht'.

[26 <./Figures/CMSstoredenergy.png (PNG copy)>]

LaTeX Warning: Text page 27 contains only floats.

[27 <./Figures/CMSfieldlines.png (PNG copy)>]
<Figures/TrackerLayout.png, id=624, 1102.1175pt x 520.94624pt>
File: Figures/TrackerLayout.png Graphic file (type png)

<use Figures/TrackerLayout.png>
Overfull \hbox (23.36612pt too wide) in paragraph at lines 342--342
 [][] 
 []

<Figures/PixelCoverage.png, id=627, 653.44125pt x 628.3475pt>
File: Figures/PixelCoverage.png Graphic file (type png)

<use Figures/PixelCoverage.png>

LaTeX Warning: `!h' float specifier changed to `!ht'.

[28 <./Figures/TrackerLayout.png (PNG copy)>] [29 <./Figures/PixelCoverage.png 
(PNG copy)>] <Figures/StripCoverage.png, id=642, 574.145pt x 426.59375pt>
File: Figures/StripCoverage.png Graphic file (type png)

<use Figures/StripCoverage.png>

LaTeX Warning: Reference `trackreco' on page 30 undefined on input line 369.

<Figures/TrackerHitEfficiency.png, id=646, 1124.2pt x 433.62pt>
File: Figures/TrackerHitEfficiency.png Graphic file (type png)

<use Figures/TrackerHitEfficiency.png>
Overfull \hbox (32.19897pt too wide) in paragraph at lines 374--374
 [][] 
 []


LaTeX Warning: `!h' float specifier changed to `!ht'.


Overfull \hbox (3.75044pt too wide) in paragraph at lines 383--384
\OT1/cmr/m/n/12 The elec-tro-mag-netic calorime-ter (ECAL) im-me-di-ately sur-r
ounds the sil-i-con tracker.
 []

[30 <./Figures/StripCoverage.png (PNG copy)>]
<Figures/ECALlayout.png, id=655, 646.415pt x 324.21124pt>
File: Figures/ECALlayout.png Graphic file (type png)

<use Figures/ECALlayout.png>

LaTeX Warning: `!h' float specifier changed to `!ht'.

[31 <./Figures/TrackerHitEfficiency.png (PNG copy)>]
<Figures/ECALphotodetectors.png, id=665, 840.13875pt x 284.06125pt>
File: Figures/ECALphotodetectors.png Graphic file (type png)

<use Figures/ECALphotodetectors.png>
Overfull \hbox (2.59528pt too wide) in paragraph at lines 405--405
 [][] 
 []


LaTeX Warning: `!h' float specifier changed to `!ht'.

[32 <./Figures/ECALlayout.png (PNG copy)>]
<Figures/HCALlayout.png, id=674, 776.9025pt x 457.71pt>
File: Figures/HCALlayout.png Graphic file (type png)

<use Figures/HCALlayout.png>
Overfull \hbox (48.67201pt too wide) in paragraph at lines 423--424
[][] 
 []


Underfull \hbox (badness 10000) in paragraph at lines 423--424

 []


LaTeX Warning: `!h' float specifier changed to `!ht'.

[33 <./Figures/ECALphotodetectors.png (PNG copy)>] [34 <./Figures/HCALlayout.pn
g (PNG copy)>]
<Figures/HCALsegmentation.png, id=687, 727.71875pt x 455.7025pt>
File: Figures/HCALsegmentation.png Graphic file (type png)

<use Figures/HCALsegmentation.png>
Overfull \hbox (19.16154pt too wide) in paragraph at lines 438--439
[][] 
 []


Underfull \hbox (badness 10000) in paragraph at lines 438--439

 []

[35 <./Figures/HCALsegmentation.png (PNG copy)>] [36]
<Figures/Muoncutout.png, id=700, 570.13pt x 376.40625pt>
File: Figures/Muoncutout.png Graphic file (type png)

<use Figures/Muoncutout.png>
Overfull \hbox (38.63156pt too wide) in paragraph at lines 460--461
[][] 
 []


Underfull \hbox (badness 10000) in paragraph at lines 460--461

 []

[37 <./Figures/Muoncutout.png (PNG copy)>]
<Figures/RPClayout.png, id=708, 705.63625pt x 475.7775pt>
File: Figures/RPClayout.png Graphic file (type png)

<use Figures/RPClayout.png>
Overfull \hbox (5.91194pt too wide) in paragraph at lines 479--480
[][] 
 []


Underfull \hbox (badness 10000) in paragraph at lines 479--480

 []

[38 <./Figures/RPClayout.png (PNG copy)>]
<Figures/DTlayout.png, id=717, 714.67pt x 448.67625pt>
File: Figures/DTlayout.png Graphic file (type png)

<use Figures/DTlayout.png>
Overfull \hbox (11.33223pt too wide) in paragraph at lines 497--498
[][] 
 []


Underfull \hbox (badness 10000) in paragraph at lines 497--498

 []

[39 <./Figures/DTlayout.png (PNG copy)>]
<Figures/CSClayout.png, id=726, 370.38374pt x 471.7625pt>
File: Figures/CSClayout.png Graphic file (type png)

<use Figures/CSClayout.png>

LaTeX Warning: `!h' float specifier changed to `!ht'.

<Figures/CSCavalanche.png, id=730, 394.47375pt x 345.29pt>
File: Figures/CSCavalanche.png Graphic file (type png)

<use Figures/CSCavalanche.png>
<Figures/CSCalct.png, id=731, 310.15875pt x 396.48125pt>
File: Figures/CSCalct.png Graphic file (type png)

<use Figures/CSCalct.png>

LaTeX Warning: `!h' float specifier changed to `!ht'.

[40] <Figures/CSCclct.png, id=739, 880.28876pt x 432.61626pt>
File: Figures/CSCclct.png Graphic file (type png)

<use Figures/CSCclct.png>
Overfull \hbox (22.67023pt too wide) in paragraph at lines 544--544
 [][] 
 []


LaTeX Warning: `!h' float specifier changed to `!ht'.

[41 <./Figures/CSClayout.png (PNG copy)>] [42 <./Figures/CSCavalanche.png (PNG 
copy)> <./Figures/CSCalct.png (PNG copy)> <./Figures/CSCclct.png (PNG copy)>]
<Figures/CSCreadout.png, id=754, 924.45375pt x 550.055pt>
File: Figures/CSCreadout.png Graphic file (type png)

<use Figures/CSCreadout.png>
Overfull \hbox (44.75267pt too wide) in paragraph at lines 557--558
[][] 
 []


Underfull \hbox (badness 10000) in paragraph at lines 557--558

 []

[43 <./Figures/CSCreadout.png (PNG copy)>] [44]
<Figures/L1Tarchitecture.png, id=766, 549.05125pt x 391.4625pt>
File: Figures/L1Tarchitecture.png Graphic file (type png)

<use Figures/L1Tarchitecture.png>
Underfull \hbox (badness 10000) in paragraph at lines 586--587

 []

[45 <./Figures/L1Tarchitecture.png (PNG copy)>]
<Figures/CALtrigger.png, id=774, 409.53pt x 288.07625pt>
File: Figures/CALtrigger.png Graphic file (type png)

<use Figures/CALtrigger.png>
Underfull \hbox (badness 10000) in paragraph at lines 595--596

 []

[46 <./Figures/CALtrigger.png (PNG copy)>]
<Figures/TrackFinder.png, id=782, 650.43pt x 335.2525pt>
File: Figures/TrackFinder.png Graphic file (type png)

<use Figures/TrackFinder.png>) [47 <./Figures/TrackFinder.png (PNG copy)>]
(./Appendices/AppendixA.tex [48]
Appendix A.
------------------------------------------------------------------------------
 A Appendix Title Here
------------------------------------------------------------------------------
) [49

]
------------------------------------------------------------------------------
 Bibliography
------------------------------------------------------------------------------
(./main.bbl [50


] [51] [52] [53]) [54] (./main.aux)

LaTeX Warning: There were undefined references.


LaTeX Warning: There were multiply-defined labels.

 ) 
Here is how much of TeX's memory you used:
 11168 strings out of 495061
 150347 string characters out of 1182621
 262399 words of memory out of 3000000
 13905 multiletter control sequences out of 15000+50000
 14050 words of font info for 52 fonts, out of 3000000 for 9000
 28 hyphenation exceptions out of 8191
 48i,12n,45p,1825b,481s stack positions out of 5000i,500n,10000p,200000b,50000s
</usr/share/texmf-texlive/fonts/type1/public/amsfonts/cm/cmbx12.pfb></usr/sha
re/texmf-texlive/fonts/type1/public/amsfonts/cm/cmcsc10.pfb></usr/share/texmf-t
exlive/fonts/type1/public/amsfonts/cm/cmex10.pfb></usr/share/texmf-texlive/font
s/type1/public/amsfonts/cm/cmmi10.pfb></usr/share/texmf-texlive/fonts/type1/pub
lic/amsfonts/cm/cmmi12.pfb></usr/share/texmf-texlive/fonts/type1/public/amsfont
s/cm/cmmi8.pfb></usr/share/texmf-texlive/fonts/type1/public/amsfonts/cm/cmr10.p
fb></usr/share/texmf-texlive/fonts/type1/public/amsfonts/cm/cmr12.pfb></usr/sha
re/texmf-texlive/fonts/type1/public/amsfonts/cm/cmr6.pfb></usr/share/texmf-texl
ive/fonts/type1/public/amsfonts/cm/cmr8.pfb></usr/share/texmf-texlive/fonts/typ
e1/public/amsfonts/cm/cmss12.pfb></usr/share/texmf-texlive/fonts/type1/public/a
msfonts/cm/cmssi12.pfb></usr/share/texmf-texlive/fonts/type1/public/amsfonts/cm
/cmsy10.pfb></usr/share/texmf-texlive/fonts/type1/public/amsfonts/cm/cmsy8.pfb>
</usr/share/texmf-texlive/fonts/type1/public/amsfonts/cm/cmti12.pfb></usr/share
/texmf-texlive/fonts/type1/public/amsfonts/cm/cmtt12.pfb>
Output written on main.pdf (62 pages, 5050948 bytes).
PDF statistics:
 938 PDF objects out of 1000 (max. 8388607)
 197 named destinations out of 1000 (max. 500000)
 440 words of extra memory for PDF output out of 10000 (max. 10000000)

