\BOOKMARK [0][-]{dummy.1}{\376\377\000A\000b\000s\000t\000r\000a\000c\000t}{}
\BOOKMARK [0][-]{dummy.2}{\376\377\000A\000c\000k\000n\000o\000w\000l\000e\000d\000g\000e\000m\000e\000n\000t\000s}{}
\BOOKMARK [0][-]{dummy.3}{\376\377\000C\000o\000n\000t\000e\000n\000t\000s}{}
\BOOKMARK [0][-]{dummy.5}{\376\377\000L\000i\000s\000t\000\040\000o\000f\000\040\000F\000i\000g\000u\000r\000e\000s}{}
\BOOKMARK [0][-]{dummy.7}{\376\377\000L\000i\000s\000t\000\040\000o\000f\000\040\000T\000a\000b\000l\000e\000s}{}
\BOOKMARK [0][-]{chapter.9}{\376\377\0001\000\040\000I\000n\000t\000r\000o\000d\000u\000c\000t\000i\000o\000n}{}
\BOOKMARK [1][-]{section.10}{\376\377\0001\000.\0001\000\040\000T\000h\000e\000\040\000S\000t\000a\000n\000d\000a\000r\000d\000\040\000M\000o\000d\000e\000l\000\040\000o\000f\000\040\000P\000a\000r\000t\000i\000c\000l\000e\000\040\000P\000h\000y\000s\000i\000c\000s}{chapter.9}
\BOOKMARK [2][-]{subsection.11}{\376\377\0001\000.\0001\000.\0001\000\040\000P\000r\000o\000p\000e\000r\000t\000i\000e\000s\000\040\000o\000f\000\040\000t\000h\000e\000\040\000S\000t\000a\000n\000d\000a\000r\000d\000\040\000M\000o\000d\000e\000l}{section.10}
\BOOKMARK [2][-]{subsection.17}{\376\377\0001\000.\0001\000.\0002\000\040\000B\000e\000y\000o\000n\000d\000\040\000t\000h\000e\000\040\000S\000t\000a\000n\000d\000a\000r\000d\000\040\000M\000o\000d\000e\000l}{section.10}
\BOOKMARK [1][-]{section.18}{\376\377\0001\000.\0002\000\040\000L\000e\000p\000t\000o\000q\000u\000a\000r\000k\000s}{chapter.9}
\BOOKMARK [2][-]{subsection.19}{\376\377\0001\000.\0002\000.\0001\000\040\000T\000h\000e\000o\000r\000e\000t\000i\000c\000a\000l\000\040\000c\000o\000n\000s\000i\000d\000e\000r\000a\000t\000i\000o\000n\000s}{section.18}
\BOOKMARK [2][-]{subsection.25}{\376\377\0001\000.\0002\000.\0002\000\040\000S\000i\000g\000n\000a\000t\000u\000r\000e\000s\000\040\000a\000t\000\040\000t\000h\000e\000\040\000L\000H\000C}{section.18}
\BOOKMARK [2][-]{subsection.32}{\376\377\0001\000.\0002\000.\0003\000\040\000P\000r\000e\000v\000i\000o\000u\000s\000\040\000s\000e\000a\000r\000c\000h\000e\000s}{section.18}
\BOOKMARK [0][-]{chapter.36}{\376\377\0002\000\040\000T\000h\000e\000\040\000E\000x\000p\000e\000r\000i\000m\000e\000n\000t\000a\000l\000\040\000A\000p\000p\000a\000r\000a\000t\000u\000s}{}
\BOOKMARK [1][-]{section.37}{\376\377\0002\000.\0001\000\040\000T\000h\000e\000\040\000L\000a\000r\000g\000e\000\040\000H\000a\000d\000r\000o\000n\000\040\000C\000o\000l\000l\000i\000d\000e\000r}{chapter.36}
\BOOKMARK [2][-]{subsection.38}{\376\377\0002\000.\0001\000.\0001\000\040\000D\000e\000s\000i\000g\000n}{section.37}
\BOOKMARK [2][-]{subsection.42}{\376\377\0002\000.\0001\000.\0002\000\040\000S\000p\000e\000c\000i\000f\000i\000c\000a\000t\000i\000o\000n\000s\000\040\000a\000n\000d\000\040\000p\000a\000r\000a\000m\000e\000t\000e\000r\000s}{section.37}
\BOOKMARK [1][-]{section.49}{\376\377\0002\000.\0002\000\040\000T\000h\000e\000\040\000C\000o\000m\000p\000a\000c\000t\000\040\000M\000u\000o\000n\000\040\000S\000o\000l\000e\000n\000o\000i\000d}{chapter.36}
\BOOKMARK [2][-]{subsection.52}{\376\377\0002\000.\0002\000.\0001\000\040\000O\000v\000e\000r\000v\000i\000e\000w\000\040\000o\000f\000\040\000t\000h\000e\000\040\000D\000e\000t\000e\000c\000t\000o\000r}{section.49}
\BOOKMARK [2][-]{subsection.55}{\376\377\0002\000.\0002\000.\0002\000\040\000C\000o\000n\000v\000e\000n\000t\000i\000o\000n\000s\000\040\000a\000n\000d\000\040\000C\000o\000o\000r\000d\000i\000n\000a\000t\000e\000s}{section.49}
\BOOKMARK [2][-]{subsection.59}{\376\377\0002\000.\0002\000.\0003\000\040\000T\000h\000e\000\040\000S\000u\000p\000e\000r\000c\000o\000n\000d\000u\000c\000t\000i\000n\000g\000\040\000S\000o\000l\000e\000n\000o\000i\000d}{section.49}
\BOOKMARK [2][-]{subsection.63}{\376\377\0002\000.\0002\000.\0004\000\040\000T\000h\000e\000\040\000S\000i\000l\000i\000c\000o\000n\000\040\000T\000r\000a\000c\000k\000e\000r}{section.49}
\BOOKMARK [2][-]{subsection.68}{\376\377\0002\000.\0002\000.\0005\000\040\000T\000h\000e\000\040\000E\000l\000e\000c\000t\000r\000o\000m\000a\000g\000n\000e\000t\000i\000c\000\040\000C\000a\000l\000o\000r\000i\000m\000e\000t\000e\000r}{section.49}
\BOOKMARK [2][-]{subsection.71}{\376\377\0002\000.\0002\000.\0006\000\040\000T\000h\000e\000\040\000H\000a\000d\000r\000o\000n\000i\000c\000\040\000C\000a\000l\000o\000r\000i\000m\000e\000t\000e\000r}{section.49}
\BOOKMARK [2][-]{subsection.74}{\376\377\0002\000.\0002\000.\0007\000\040\000T\000h\000e\000\040\000M\000u\000o\000n\000\040\000s\000y\000s\000t\000e\000m}{section.49}
\BOOKMARK [3][-]{subsubsection.76}{\376\377\0002\000.\0002\000.\0007\000.\0001\000\040\000T\000h\000e\000\040\000R\000e\000s\000i\000s\000t\000i\000v\000e\000\040\000P\000l\000a\000t\000e\000\040\000C\000h\000a\000m\000b\000e\000r\000\040\000s\000y\000s\000t\000e\000m}{subsection.74}
\BOOKMARK [3][-]{subsubsection.78}{\376\377\0002\000.\0002\000.\0007\000.\0002\000\040\000T\000h\000e\000\040\000D\000r\000i\000f\000t\000\040\000T\000u\000b\000e\000\040\000s\000y\000s\000t\000e\000m}{subsection.74}
\BOOKMARK [3][-]{subsubsection.80}{\376\377\0002\000.\0002\000.\0007\000.\0003\000\040\000T\000h\000e\000\040\000C\000a\000t\000h\000o\000d\000e\000\040\000S\000t\000r\000i\000p\000\040\000C\000h\000a\000m\000b\000e\000r\000\040\000s\000y\000s\000t\000e\000m}{subsection.74}
\BOOKMARK [2][-]{subsection.85}{\376\377\0002\000.\0002\000.\0008\000\040\000T\000h\000e\000\040\000T\000r\000i\000g\000g\000e\000r\000\040\000s\000y\000s\000t\000e\000m}{section.49}
\BOOKMARK [3][-]{subsubsection.86}{\376\377\0002\000.\0002\000.\0008\000.\0001\000\040\000T\000h\000e\000\040\000L\0001\000\040\000T\000r\000i\000g\000g\000e\000r}{subsection.85}
\BOOKMARK [3][-]{subsubsection.90}{\376\377\0002\000.\0002\000.\0008\000.\0002\000\040\000T\000h\000e\000\040\000H\000L\000T}{subsection.85}
\BOOKMARK [0][-]{appendix.91}{\376\377\000A\000\040\000A\000p\000p\000e\000n\000d\000i\000x\000\040\000T\000i\000t\000l\000e\000\040\000H\000e\000r\000e}{}
\BOOKMARK [0][-]{dummy.92}{\376\377\000B\000i\000b\000l\000i\000o\000g\000r\000a\000p\000h\000y}{}
